JUnit version 4.13.2
.E.E.E
Time: 30.144
There were 3 failures:
1) correctOrderTest(TestListExamples)
java.lang.OutOfMemoryError: Java heap space
	at java.base/java.util.Arrays.copyOf(Arrays.java:3512)
	at java.base/java.util.Arrays.copyOf(Arrays.java:3481)
	at java.base/java.util.ArrayList.grow(ArrayList.java:237)
	at java.base/java.util.ArrayList.grow(ArrayList.java:244)
	at java.base/java.util.ArrayList.add(ArrayList.java:454)
	at java.base/java.util.ArrayList.add(ArrayList.java:467)
	at ListExamples.merge(ListExamples.java:42)
	at TestListExamples.correctOrderTest(TestListExamples.java:34)
	at java.base/java.lang.invoke.LambdaForm$DMH/0x0000000800c12400.invokeVirtual(LambdaForm$DMH)
	at java.base/java.lang.invoke.LambdaForm$MH/0x0000000800c13000.invoke(LambdaForm$MH)
	at java.base/java.lang.invoke.Invokers$Holder.invokeExact_MT(Invokers$Holder)
2) correctOrderTest2(TestListExamples)
java.lang.OutOfMemoryError: Java heap space
	at java.base/java.util.Arrays.copyOf(Arrays.java:3512)
	at java.base/java.util.Arrays.copyOf(Arrays.java:3481)
	at java.base/java.util.ArrayList.grow(ArrayList.java:237)
	at java.base/java.util.ArrayList.grow(ArrayList.java:244)
	at java.base/java.util.ArrayList.add(ArrayList.java:454)
	at java.base/java.util.ArrayList.add(ArrayList.java:467)
	at ListExamples.merge(ListExamples.java:42)
	at TestListExamples.correctOrderTest2(TestListExamples.java:50)
	at java.base/java.lang.invoke.LambdaForm$DMH/0x0000000800c12400.invokeVirtual(LambdaForm$DMH)
	at java.base/java.lang.invoke.LambdaForm$MH/0x0000000800c10000.invoke(LambdaForm$MH)
	at java.base/java.lang.invoke.Invokers$Holder.invokeExact_MT(Invokers$Holder)
3) filterCorrectly(TestListExamples)
java.lang.AssertionError: expected:<[1Hello, 1Are]> but was:<[1Are, 1Hello]>
	at org.junit.Assert.fail(Assert.java:89)
	at org.junit.Assert.failNotEquals(Assert.java:835)
	at org.junit.Assert.assertEquals(Assert.java:120)
	at org.junit.Assert.assertEquals(Assert.java:146)
	at TestListExamples.filterCorrectly(TestListExamples.java:21)

FAILURES!!!
Tests run: 3,  Failures: 3

